# JRE version: Java(TM) SE Runtime Environment (8.0_201-b09) (build 1.8.0_201-b09)
# Java VM: Java HotSpot(TM) 64-Bit Server VM (25.201-b09 mixed mode windows-amd64 compressed oops)
Heap:
 PSYoungGen      total 305664K, used 81309K [0x00000000d5580000, 0x00000000f0600000, 0x0000000100000000)
  eden space 262144K, 14% used [0x00000000d5580000,0x00000000d7a6c830,0x00000000e5580000)
  from space 43520K, 99% used [0x00000000e8000000,0x00000000eaa7ad00,0x00000000eaa80000)
  to   space 43520K, 0% used [0x00000000e5580000,0x00000000e5580000,0x00000000e8000000)
 ParOldGen       total 699392K, used 195994K [0x0000000080000000, 0x00000000aab00000, 0x00000000d5580000)
  object space 699392K, 28% used [0x0000000080000000,0x000000008bf668d0,0x00000000aab00000)
 Metaspace       used 21897K, capacity 23166K, committed 23344K, reserved 1069056K
  class space    used 2996K, capacity 3280K, committed 3376K, reserved 1048576K
GC Heap History (6 events):
Event: 2.487 GC heap before
{Heap before GC invocations=1 (full 0):
 PSYoungGen      total 305664K, used 83969K [0x00000000d5580000, 0x00000000eaa80000, 0x0000000100000000)
  eden space 262144K, 32% used [0x00000000d5580000,0x00000000da780560,0x00000000e5580000)
  from space 43520K, 0% used [0x00000000e8000000,0x00000000e8000000,0x00000000eaa80000)
  to   space 43520K, 0% used [0x00000000e5580000,0x00000000e5580000,0x00000000e8000000)
 ParOldGen       total 699392K, used 0K [0x0000000080000000, 0x00000000aab00000, 0x00000000d5580000)
  object space 699392K, 0% used [0x0000000080000000,0x0000000080000000,0x00000000aab00000)
 Metaspace       used 20255K, capacity 21264K, committed 21296K, reserved 1067008K
  class space    used 2841K, capacity 3095K, committed 3120K, reserved 1048576K
Event: 2.496 GC heap after
Heap after GC invocations=1 (full 0):
 PSYoungGen      total 305664K, used 16397K [0x00000000d5580000, 0x00000000eaa80000, 0x0000000100000000)
  eden space 262144K, 0% used [0x00000000d5580000,0x00000000d5580000,0x00000000e5580000)
  from space 43520K, 37% used [0x00000000e5580000,0x00000000e6583668,0x00000000e8000000)
  to   space 43520K, 0% used [0x00000000e8000000,0x00000000e8000000,0x00000000eaa80000)
 ParOldGen       total 699392K, used 88K [0x0000000080000000, 0x00000000aab00000, 0x00000000d5580000)
  object space 699392K, 0% used [0x0000000080000000,0x0000000080016010,0x00000000aab00000)
 Metaspace       used 20255K, capacity 21264K, committed 21296K, reserved 1067008K
  class space    used 2841K, capacity 3095K, committed 3120K, reserved 1048576K
}
Event: 2.496 GC heap before
{Heap before GC invocations=2 (full 1):
 PSYoungGen      total 305664K, used 16397K [0x00000000d5580000, 0x00000000eaa80000, 0x0000000100000000)
  eden space 262144K, 0% used [0x00000000d5580000,0x00000000d5580000,0x00000000e5580000)
  from space 43520K, 37% used [0x00000000e5580000,0x00000000e6583668,0x00000000e8000000)
  to   space 43520K, 0% used [0x00000000e8000000,0x00000000e8000000,0x00000000eaa80000)
 ParOldGen       total 699392K, used 88K [0x0000000080000000, 0x00000000aab00000, 0x00000000d5580000)
  object space 699392K, 0% used [0x0000000080000000,0x0000000080016010,0x00000000aab00000)
 Metaspace       used 20255K, capacity 21264K, committed 21296K, reserved 1067008K
  class space    used 2841K, capacity 3095K, committed 3120K, reserved 1048576K
Event: 2.523 GC heap after
Heap after GC invocations=2 (full 1):
 PSYoungGen      total 305664K, used 0K [0x00000000d5580000, 0x00000000eaa80000, 0x0000000100000000)
  eden space 262144K, 0% used [0x00000000d5580000,0x00000000d5580000,0x00000000e5580000)
  from space 43520K, 0% used [0x00000000e5580000,0x00000000e5580000,0x00000000e8000000)
  to   space 43520K, 0% used [0x00000000e8000000,0x00000000e8000000,0x00000000eaa80000)
 ParOldGen       total 699392K, used 14205K [0x0000000080000000, 0x00000000aab00000, 0x00000000d5580000)
  object space 699392K, 2% used [0x0000000080000000,0x0000000080ddf710,0x00000000aab00000)
 Metaspace       used 20255K, capacity 21264K, committed 21296K, reserved 1067008K
  class space    used 2841K, capacity 3095K, committed 3120K, reserved 1048576K
}
Event: 9.526 GC heap before
{Heap before GC invocations=3 (full 1):
 PSYoungGen      total 305664K, used 253913K [0x00000000d5580000, 0x00000000eaa80000, 0x0000000100000000)
  eden space 262144K, 96% used [0x00000000d5580000,0x00000000e4d764e8,0x00000000e5580000)
  from space 43520K, 0% used [0x00000000e5580000,0x00000000e5580000,0x00000000e8000000)
  to   space 43520K, 0% used [0x00000000e8000000,0x00000000e8000000,0x00000000eaa80000)
 ParOldGen       total 699392K, used 14205K [0x0000000080000000, 0x00000000aab00000, 0x00000000d5580000)
  object space 699392K, 2% used [0x0000000080000000,0x0000000080ddf710,0x00000000aab00000)
 Metaspace       used 21819K, capacity 23094K, committed 23344K, reserved 1069056K
  class space    used 2996K, capacity 3280K, committed 3376K, reserved 1048576K
Event: 9.586 GC heap after
Heap after GC invocations=3 (full 1):
 PSYoungGen      total 305664K, used 43499K [0x00000000d5580000, 0x00000000f0600000, 0x0000000100000000)
  eden space 262144K, 0% used [0x00000000d5580000,0x00000000d5580000,0x00000000e5580000)
  from space 43520K, 99% used [0x00000000e8000000,0x00000000eaa7ad00,0x00000000eaa80000)
  to   space 43520K, 0% used [0x00000000e5580000,0x00000000e5580000,0x00000000e8000000)
 ParOldGen       total 699392K, used 195994K [0x0000000080000000, 0x00000000aab00000, 0x00000000d5580000)
  object space 699392K, 28% used [0x0000000080000000,0x000000008bf668d0,0x00000000aab00000)
 Metaspace       used 21819K, capacity 23094K, committed 23344K, reserved 1069056K
  class space    used 2996K, capacity 3280K, committed 3376K, reserved 1048576K
}

